app/build/intermediates/manifest_merge_blame_file/debug/manifest-merger-blame-debug-report.txt
1<?xml version="1.0" encoding="utf-8"?>
2<manifest xmlns:android="http://schemas.android.com/apk/res/android"
3    package="com.example.firebaserecyclerviewkotlin"
4    android:versionCode="1"
5    android:versionName="1.0" >
6
7    <uses-sdk
8        android:minSdkVersion="23"
8-->src\main\AndroidManifest.xml
9        android:targetSdkVersion="30" />
9-->src\main\AndroidManifest.xml
10
11    <uses-permission android:name="android.permission.INTERNET" />
11-->[com.google.firebase:firebase-auth:21.0.1] AndroidManifest.xml:23:5-67
11-->[com.google.firebase:firebase-auth:21.0.1] AndroidManifest.xml:23:22-64
12    <uses-permission android:name="android.permission.ACCESS_NETWORK_STATE" />
12-->[com.google.firebase:firebase-auth:21.0.1] AndroidManifest.xml:24:5-79
12-->[com.google.firebase:firebase-auth:21.0.1] AndroidManifest.xml:24:22-76
13
14    <application
14-->src\main\AndroidManifest.xml:5:5-23:19
15        android:allowBackup="true"
15-->src\main\AndroidManifest.xml:6:9-35
16        android:appComponentFactory="androidx.core.app.CoreComponentFactory"
16-->[androidx.core:core:1.3.2] AndroidManifest.xml:24:18-86
17        android:debuggable="true"
18        android:extractNativeLibs="false"
19        android:icon="@mipmap/ic_launcher"
19-->src\main\AndroidManifest.xml:7:9-43
20        android:label="VacApp"
20-->src\main\AndroidManifest.xml:8:9-31
21        android:roundIcon="@mipmap/ic_launcher_round"
21-->src\main\AndroidManifest.xml:9:9-54
22        android:supportsRtl="true"
22-->src\main\AndroidManifest.xml:10:9-35
23        android:testOnly="true"
24        android:theme="@style/Theme.FirebaseRecyclerViewKotlin" >
24-->src\main\AndroidManifest.xml:11:9-64
25        <activity
25-->src\main\AndroidManifest.xml:12:9-15:65
26            android:name="com.example.firebaserecyclerviewkotlin.MainActivityMedic"
26-->src\main\AndroidManifest.xml:13:13-46
27            android:exported="false"
27-->src\main\AndroidManifest.xml:14:13-37
28            android:label="@string/title_activity_main_medic" />
28-->src\main\AndroidManifest.xml:15:13-62
29/>
30        <activity android:name="com.example.firebaserecyclerviewkotlin.MainActivity" >
30-->src\main\AndroidManifest.xml:16:9-22:20
30-->src\main\AndroidManifest.xml:16:19-47
31            <intent-filter>
31-->src\main\AndroidManifest.xml:17:13-21:29
32                <action android:name="android.intent.action.MAIN" />
32-->src\main\AndroidManifest.xml:18:17-69
32-->src\main\AndroidManifest.xml:18:25-66
33
34                <category android:name="android.intent.category.LAUNCHER" />
34-->src\main\AndroidManifest.xml:20:17-77
34-->src\main\AndroidManifest.xml:20:27-74
35            </intent-filter>
36        </activity>
37
38        <service
38-->[com.google.firebase:firebase-auth-ktx:21.0.1] AndroidManifest.xml:8:9-14:19
39            android:name="com.google.firebase.components.ComponentDiscoveryService"
39-->[com.google.firebase:firebase-auth-ktx:21.0.1] AndroidManifest.xml:9:13-84
40            android:directBootAware="true"
40-->[com.google.firebase:firebase-common:20.0.0] AndroidManifest.xml:35:13-43
41            android:exported="false" >
41-->[com.google.firebase:firebase-auth-ktx:21.0.1] AndroidManifest.xml:10:13-37
42            <meta-data
42-->[com.google.firebase:firebase-auth-ktx:21.0.1] AndroidManifest.xml:11:13-13:85
43                android:name="com.google.firebase.components:com.google.firebase.auth.ktx.FirebaseAuthKtxRegistrar"
43-->[com.google.firebase:firebase-auth-ktx:21.0.1] AndroidManifest.xml:12:17-116
44                android:value="com.google.firebase.components.ComponentRegistrar" />
44-->[com.google.firebase:firebase-auth-ktx:21.0.1] AndroidManifest.xml:13:17-82
45            <meta-data
45-->[com.google.firebase:firebase-auth:21.0.1] AndroidManifest.xml:77:13-79:85
46                android:name="com.google.firebase.components:com.google.firebase.auth.FirebaseAuthRegistrar"
46-->[com.google.firebase:firebase-auth:21.0.1] AndroidManifest.xml:78:17-109
47                android:value="com.google.firebase.components.ComponentRegistrar" />
47-->[com.google.firebase:firebase-auth:21.0.1] AndroidManifest.xml:79:17-82
48            <meta-data
48-->[com.google.firebase:firebase-database-ktx:20.0.3] AndroidManifest.xml:15:13-17:85
49                android:name="com.google.firebase.components:com.google.firebase.database.ktx.FirebaseDatabaseKtxRegistrar"
49-->[com.google.firebase:firebase-database-ktx:20.0.3] AndroidManifest.xml:16:17-124
50                android:value="com.google.firebase.components.ComponentRegistrar" />
50-->[com.google.firebase:firebase-database-ktx:20.0.3] AndroidManifest.xml:17:17-82
51            <meta-data
51-->[com.google.firebase:firebase-database:20.0.3] AndroidManifest.xml:32:13-34:85
52                android:name="com.google.firebase.components:com.google.firebase.database.DatabaseRegistrar"
52-->[com.google.firebase:firebase-database:20.0.3] AndroidManifest.xml:33:17-109
53                android:value="com.google.firebase.components.ComponentRegistrar" />
53-->[com.google.firebase:firebase-database:20.0.3] AndroidManifest.xml:34:17-82
54            <meta-data
54-->[com.google.firebase:firebase-common-ktx:20.0.0] AndroidManifest.xml:15:13-17:85
55                android:name="com.google.firebase.components:com.google.firebase.ktx.FirebaseCommonKtxRegistrar"
55-->[com.google.firebase:firebase-common-ktx:20.0.0] AndroidManifest.xml:16:17-113
56                android:value="com.google.firebase.components.ComponentRegistrar" />
56-->[com.google.firebase:firebase-common-ktx:20.0.0] AndroidManifest.xml:17:17-82
57        </service>
58
59        <activity
59-->[com.google.firebase:firebase-auth:21.0.1] AndroidManifest.xml:27:9-44:20
60            android:name="com.google.firebase.auth.internal.GenericIdpActivity"
60-->[com.google.firebase:firebase-auth:21.0.1] AndroidManifest.xml:28:13-80
61            android:excludeFromRecents="true"
61-->[com.google.firebase:firebase-auth:21.0.1] AndroidManifest.xml:29:13-46
62            android:exported="true"
62-->[com.google.firebase:firebase-auth:21.0.1] AndroidManifest.xml:30:13-36
63            android:launchMode="singleTask"
63-->[com.google.firebase:firebase-auth:21.0.1] AndroidManifest.xml:31:13-44
64            android:theme="@android:style/Theme.Translucent.NoTitleBar" >
64-->[com.google.firebase:firebase-auth:21.0.1] AndroidManifest.xml:32:13-72
65            <intent-filter>
65-->[com.google.firebase:firebase-auth:21.0.1] AndroidManifest.xml:33:13-43:29
66                <action android:name="android.intent.action.VIEW" />
66-->[com.google.firebase:firebase-auth:21.0.1] AndroidManifest.xml:34:17-69
66-->[com.google.firebase:firebase-auth:21.0.1] AndroidManifest.xml:34:25-66
67
68                <category android:name="android.intent.category.DEFAULT" />
68-->[com.google.firebase:firebase-auth:21.0.1] AndroidManifest.xml:36:17-76
68-->[com.google.firebase:firebase-auth:21.0.1] AndroidManifest.xml:36:27-73
69                <category android:name="android.intent.category.BROWSABLE" />
69-->[com.google.firebase:firebase-auth:21.0.1] AndroidManifest.xml:37:17-78
69-->[com.google.firebase:firebase-auth:21.0.1] AndroidManifest.xml:37:27-75
70
71                <data
71-->[com.google.firebase:firebase-auth:21.0.1] AndroidManifest.xml:39:17-42:51
72                    android:host="firebase.auth"
72-->[com.google.firebase:firebase-auth:21.0.1] AndroidManifest.xml:40:21-49
73                    android:path="/"
73-->[com.google.firebase:firebase-auth:21.0.1] AndroidManifest.xml:41:21-37
74                    android:scheme="genericidp" />
74-->[com.google.firebase:firebase-auth:21.0.1] AndroidManifest.xml:42:21-48
75            </intent-filter>
76        </activity>
77        <activity
77-->[com.google.firebase:firebase-auth:21.0.1] AndroidManifest.xml:45:9-62:20
78            android:name="com.google.firebase.auth.internal.RecaptchaActivity"
78-->[com.google.firebase:firebase-auth:21.0.1] AndroidManifest.xml:46:13-79
79            android:excludeFromRecents="true"
79-->[com.google.firebase:firebase-auth:21.0.1] AndroidManifest.xml:47:13-46
80            android:exported="true"
80-->[com.google.firebase:firebase-auth:21.0.1] AndroidManifest.xml:48:13-36
81            android:launchMode="singleTask"
81-->[com.google.firebase:firebase-auth:21.0.1] AndroidManifest.xml:49:13-44
82            android:theme="@android:style/Theme.Translucent.NoTitleBar" >
82-->[com.google.firebase:firebase-auth:21.0.1] AndroidManifest.xml:50:13-72
83            <intent-filter>
83-->[com.google.firebase:firebase-auth:21.0.1] AndroidManifest.xml:51:13-61:29
84                <action android:name="android.intent.action.VIEW" />
84-->[com.google.firebase:firebase-auth:21.0.1] AndroidManifest.xml:34:17-69
84-->[com.google.firebase:firebase-auth:21.0.1] AndroidManifest.xml:34:25-66
85
86                <category android:name="android.intent.category.DEFAULT" />
86-->[com.google.firebase:firebase-auth:21.0.1] AndroidManifest.xml:36:17-76
86-->[com.google.firebase:firebase-auth:21.0.1] AndroidManifest.xml:36:27-73
87                <category android:name="android.intent.category.BROWSABLE" />
87-->[com.google.firebase:firebase-auth:21.0.1] AndroidManifest.xml:37:17-78
87-->[com.google.firebase:firebase-auth:21.0.1] AndroidManifest.xml:37:27-75
88
89                <data
89-->[com.google.firebase:firebase-auth:21.0.1] AndroidManifest.xml:39:17-42:51
90                    android:host="firebase.auth"
90-->[com.google.firebase:firebase-auth:21.0.1] AndroidManifest.xml:40:21-49
91                    android:path="/"
91-->[com.google.firebase:firebase-auth:21.0.1] AndroidManifest.xml:41:21-37
92                    android:scheme="recaptcha" />
92-->[com.google.firebase:firebase-auth:21.0.1] AndroidManifest.xml:42:21-48
93            </intent-filter>
94        </activity>
95
96        <service
96-->[com.google.firebase:firebase-auth:21.0.1] AndroidManifest.xml:64:9-73:19
97            android:name="com.google.firebase.auth.api.fallback.service.FirebaseAuthFallbackService"
97-->[com.google.firebase:firebase-auth:21.0.1] AndroidManifest.xml:65:13-101
98            android:enabled="true"
98-->[com.google.firebase:firebase-auth:21.0.1] AndroidManifest.xml:66:13-35
99            android:exported="false" >
99-->[com.google.firebase:firebase-auth:21.0.1] AndroidManifest.xml:67:13-37
100            <intent-filter>
100-->[com.google.firebase:firebase-auth:21.0.1] AndroidManifest.xml:68:13-72:29
101                <action android:name="com.google.firebase.auth.api.gms.service.START" />
101-->[com.google.firebase:firebase-auth:21.0.1] AndroidManifest.xml:69:17-89
101-->[com.google.firebase:firebase-auth:21.0.1] AndroidManifest.xml:69:25-86
102
103                <category android:name="android.intent.category.DEFAULT" />
103-->[com.google.firebase:firebase-auth:21.0.1] AndroidManifest.xml:36:17-76
103-->[com.google.firebase:firebase-auth:21.0.1] AndroidManifest.xml:36:27-73
104            </intent-filter>
105        </service>
106
107        <activity
107-->[com.google.android.gms:play-services-base:17.1.0] AndroidManifest.xml:23:9-26:75
108            android:name="com.google.android.gms.common.api.GoogleApiActivity"
108-->[com.google.android.gms:play-services-base:17.1.0] AndroidManifest.xml:24:13-79
109            android:exported="false"
109-->[com.google.android.gms:play-services-base:17.1.0] AndroidManifest.xml:25:13-37
110            android:theme="@android:style/Theme.Translucent.NoTitleBar" />
110-->[com.google.android.gms:play-services-base:17.1.0] AndroidManifest.xml:26:13-72
111
112        <provider
112-->[com.google.firebase:firebase-common:20.0.0] AndroidManifest.xml:26:9-31:39
113            android:name="com.google.firebase.provider.FirebaseInitProvider"
113-->[com.google.firebase:firebase-common:20.0.0] AndroidManifest.xml:27:13-77
114            android:authorities="com.example.firebaserecyclerviewkotlin.firebaseinitprovider"
114-->[com.google.firebase:firebase-common:20.0.0] AndroidManifest.xml:28:13-72
115            android:directBootAware="true"
115-->[com.google.firebase:firebase-common:20.0.0] AndroidManifest.xml:29:13-43
116            android:exported="false"
116-->[com.google.firebase:firebase-common:20.0.0] AndroidManifest.xml:30:13-37
117            android:initOrder="100" />
117-->[com.google.firebase:firebase-common:20.0.0] AndroidManifest.xml:31:13-36
118
119        <meta-data
119-->[com.google.android.gms:play-services-basement:17.1.0] AndroidManifest.xml:23:9-25:69
120            android:name="com.google.android.gms.version"
120-->[com.google.android.gms:play-services-basement:17.1.0] AndroidManifest.xml:24:13-58
121            android:value="@integer/google_play_services_version" />
121-->[com.google.android.gms:play-services-basement:17.1.0] AndroidManifest.xml:25:13-66
122    </application>
123
124</manifest>